<?xml version="1.0" encoding="UTF-8"?>
<testsuite xmlns:xsi="http://www.w3.org/2001/XMLSchema-instance" xsi:noNamespaceSchemaLocation="https://maven.apache.org/surefire/maven-surefire-plugin/xsd/surefire-test-report-3.0.xsd" version="3.0" name="runner.TestRunner" time="93.729" tests="0" errors="0" skipped="0" failures="0">
  <properties>
    <property name="gopherProxySet" value="false"/>
    <property name="awt.toolkit" value="sun.lwawt.macosx.LWCToolkit"/>
    <property name="java.specification.version" value="11"/>
    <property name="sun.cpu.isalist" value=""/>
    <property name="sun.jnu.encoding" value="UTF-8"/>
    <property name="java.class.path" value="/Users/benotechnologies/eclipse-workspace/Com.Beno.Cucumber/target/test-classes:/Users/benotechnologies/eclipse-workspace/Com.Beno.Cucumber/target/classes:/Users/benotechnologies/.m2/repository/org/seleniumhq/selenium/selenium-java/3.141.59/selenium-java-3.141.59.jar:/Users/benotechnologies/.m2/repository/org/seleniumhq/selenium/selenium-api/3.141.59/selenium-api-3.141.59.jar:/Users/benotechnologies/.m2/repository/org/seleniumhq/selenium/selenium-chrome-driver/3.141.59/selenium-chrome-driver-3.141.59.jar:/Users/benotechnologies/.m2/repository/org/seleniumhq/selenium/selenium-edge-driver/3.141.59/selenium-edge-driver-3.141.59.jar:/Users/benotechnologies/.m2/repository/org/seleniumhq/selenium/selenium-firefox-driver/3.141.59/selenium-firefox-driver-3.141.59.jar:/Users/benotechnologies/.m2/repository/org/seleniumhq/selenium/selenium-ie-driver/3.141.59/selenium-ie-driver-3.141.59.jar:/Users/benotechnologies/.m2/repository/org/seleniumhq/selenium/selenium-opera-driver/3.141.59/selenium-opera-driver-3.141.59.jar:/Users/benotechnologies/.m2/repository/org/seleniumhq/selenium/selenium-remote-driver/3.141.59/selenium-remote-driver-3.141.59.jar:/Users/benotechnologies/.m2/repository/org/seleniumhq/selenium/selenium-safari-driver/3.141.59/selenium-safari-driver-3.141.59.jar:/Users/benotechnologies/.m2/repository/org/seleniumhq/selenium/selenium-support/3.141.59/selenium-support-3.141.59.jar:/Users/benotechnologies/.m2/repository/net/bytebuddy/byte-buddy/1.8.15/byte-buddy-1.8.15.jar:/Users/benotechnologies/.m2/repository/org/apache/commons/commons-exec/1.3/commons-exec-1.3.jar:/Users/benotechnologies/.m2/repository/com/google/guava/guava/25.0-jre/guava-25.0-jre.jar:/Users/benotechnologies/.m2/repository/com/google/code/findbugs/jsr305/1.3.9/jsr305-1.3.9.jar:/Users/benotechnologies/.m2/repository/org/checkerframework/checker-compat-qual/2.0.0/checker-compat-qual-2.0.0.jar:/Users/benotechnologies/.m2/repository/com/google/errorprone/error_prone_annotations/2.1.3/error_prone_annotations-2.1.3.jar:/Users/benotechnologies/.m2/repository/com/google/j2objc/j2objc-annotations/1.1/j2objc-annotations-1.1.jar:/Users/benotechnologies/.m2/repository/org/codehaus/mojo/animal-sniffer-annotations/1.14/animal-sniffer-annotations-1.14.jar:/Users/benotechnologies/.m2/repository/com/squareup/okhttp3/okhttp/3.11.0/okhttp-3.11.0.jar:/Users/benotechnologies/.m2/repository/com/squareup/okio/okio/1.14.0/okio-1.14.0.jar:/Users/benotechnologies/.m2/repository/junit/junit/4.12/junit-4.12.jar:/Users/benotechnologies/.m2/repository/org/hamcrest/hamcrest-core/1.3/hamcrest-core-1.3.jar:/Users/benotechnologies/.m2/repository/info/cukes/cucumber-junit/1.2.4/cucumber-junit-1.2.4.jar:/Users/benotechnologies/.m2/repository/info/cukes/cucumber-core/1.2.4/cucumber-core-1.2.4.jar:/Users/benotechnologies/.m2/repository/info/cukes/cucumber-html/0.2.3/cucumber-html-0.2.3.jar:/Users/benotechnologies/.m2/repository/info/cukes/cucumber-jvm-deps/1.0.5/cucumber-jvm-deps-1.0.5.jar:/Users/benotechnologies/.m2/repository/info/cukes/gherkin/2.12.2/gherkin-2.12.2.jar:/Users/benotechnologies/.m2/repository/info/cukes/cucumber-java/1.2.4/cucumber-java-1.2.4.jar:/Users/benotechnologies/.m2/repository/org/mockito/mockito-all/1.10.19/mockito-all-1.10.19.jar:/Users/benotechnologies/.m2/repository/org/mockito/mockito-core/2.27.0/mockito-core-2.27.0.jar:/Users/benotechnologies/.m2/repository/net/bytebuddy/byte-buddy-agent/1.9.10/byte-buddy-agent-1.9.10.jar:/Users/benotechnologies/.m2/repository/org/objenesis/objenesis/2.6/objenesis-2.6.jar:/Users/benotechnologies/.m2/repository/io/cucumber/cucumber-jvm-deps/1.0.6/cucumber-jvm-deps-1.0.6.jar:/Users/benotechnologies/.m2/repository/org/apache/commons/commons-lang3/3.0/commons-lang3-3.0.jar:/Users/benotechnologies/.m2/repository/io/cucumber/cucumber-testng/4.3.1/cucumber-testng-4.3.1.jar:/Users/benotechnologies/.m2/repository/io/cucumber/cucumber-core/4.3.1/cucumber-core-4.3.1.jar:/Users/benotechnologies/.m2/repository/io/cucumber/cucumber-html/0.2.7/cucumber-html-0.2.7.jar:/Users/benotechnologies/.m2/repository/io/cucumber/gherkin/5.1.0/gherkin-5.1.0.jar:/Users/benotechnologies/.m2/repository/io/cucumber/tag-expressions/1.1.1/tag-expressions-1.1.1.jar:/Users/benotechnologies/.m2/repository/io/cucumber/cucumber-expressions/6.2.2/cucumber-expressions-6.2.2.jar:/Users/benotechnologies/.m2/repository/io/cucumber/datatable/1.1.12/datatable-1.1.12.jar:/Users/benotechnologies/.m2/repository/io/cucumber/datatable-dependencies/1.1.12/datatable-dependencies-1.1.12.jar:/Users/benotechnologies/.m2/repository/org/testng/testng/6.14.3/testng-6.14.3.jar:/Users/benotechnologies/.m2/repository/com/beust/jcommander/1.72/jcommander-1.72.jar:/Users/benotechnologies/.m2/repository/org/apache-extras/beanshell/bsh/2.0b6/bsh-2.0b6.jar:"/>
    <property name="java.vm.vendor" value="Oracle Corporation"/>
    <property name="sun.arch.data.model" value="64"/>
    <property name="java.vendor.url" value="https://openjdk.java.net/"/>
    <property name="user.timezone" value=""/>
    <property name="java.vm.specification.version" value="11"/>
    <property name="os.name" value="Mac OS X"/>
    <property name="sun.java.launcher" value="SUN_STANDARD"/>
    <property name="user.country" value="AE"/>
    <property name="sun.boot.library.path" value="/Library/Java/JavaVirtualMachines/jdk-11.0.7.jdk/Contents/Home/lib"/>
    <property name="sun.java.command" value="/Users/benotechnologies/eclipse-workspace/Com.Beno.Cucumber/target/surefire/surefirebooter487038133229043969.jar /Users/benotechnologies/eclipse-workspace/Com.Beno.Cucumber/target/surefire 2020-06-18T16-37-39_243-jvmRun1 surefire12787909760276936636tmp surefire_05936995542181722488tmp"/>
    <property name="http.nonProxyHosts" value="local|*.local|169.254/16|*.169.254/16"/>
    <property name="jdk.debug" value="release"/>
    <property name="surefire.test.class.path" value="/Users/benotechnologies/eclipse-workspace/Com.Beno.Cucumber/target/test-classes:/Users/benotechnologies/eclipse-workspace/Com.Beno.Cucumber/target/classes:/Users/benotechnologies/.m2/repository/org/seleniumhq/selenium/selenium-java/3.141.59/selenium-java-3.141.59.jar:/Users/benotechnologies/.m2/repository/org/seleniumhq/selenium/selenium-api/3.141.59/selenium-api-3.141.59.jar:/Users/benotechnologies/.m2/repository/org/seleniumhq/selenium/selenium-chrome-driver/3.141.59/selenium-chrome-driver-3.141.59.jar:/Users/benotechnologies/.m2/repository/org/seleniumhq/selenium/selenium-edge-driver/3.141.59/selenium-edge-driver-3.141.59.jar:/Users/benotechnologies/.m2/repository/org/seleniumhq/selenium/selenium-firefox-driver/3.141.59/selenium-firefox-driver-3.141.59.jar:/Users/benotechnologies/.m2/repository/org/seleniumhq/selenium/selenium-ie-driver/3.141.59/selenium-ie-driver-3.141.59.jar:/Users/benotechnologies/.m2/repository/org/seleniumhq/selenium/selenium-opera-driver/3.141.59/selenium-opera-driver-3.141.59.jar:/Users/benotechnologies/.m2/repository/org/seleniumhq/selenium/selenium-remote-driver/3.141.59/selenium-remote-driver-3.141.59.jar:/Users/benotechnologies/.m2/repository/org/seleniumhq/selenium/selenium-safari-driver/3.141.59/selenium-safari-driver-3.141.59.jar:/Users/benotechnologies/.m2/repository/org/seleniumhq/selenium/selenium-support/3.141.59/selenium-support-3.141.59.jar:/Users/benotechnologies/.m2/repository/net/bytebuddy/byte-buddy/1.8.15/byte-buddy-1.8.15.jar:/Users/benotechnologies/.m2/repository/org/apache/commons/commons-exec/1.3/commons-exec-1.3.jar:/Users/benotechnologies/.m2/repository/com/google/guava/guava/25.0-jre/guava-25.0-jre.jar:/Users/benotechnologies/.m2/repository/com/google/code/findbugs/jsr305/1.3.9/jsr305-1.3.9.jar:/Users/benotechnologies/.m2/repository/org/checkerframework/checker-compat-qual/2.0.0/checker-compat-qual-2.0.0.jar:/Users/benotechnologies/.m2/repository/com/google/errorprone/error_prone_annotations/2.1.3/error_prone_annotations-2.1.3.jar:/Users/benotechnologies/.m2/repository/com/google/j2objc/j2objc-annotations/1.1/j2objc-annotations-1.1.jar:/Users/benotechnologies/.m2/repository/org/codehaus/mojo/animal-sniffer-annotations/1.14/animal-sniffer-annotations-1.14.jar:/Users/benotechnologies/.m2/repository/com/squareup/okhttp3/okhttp/3.11.0/okhttp-3.11.0.jar:/Users/benotechnologies/.m2/repository/com/squareup/okio/okio/1.14.0/okio-1.14.0.jar:/Users/benotechnologies/.m2/repository/junit/junit/4.12/junit-4.12.jar:/Users/benotechnologies/.m2/repository/org/hamcrest/hamcrest-core/1.3/hamcrest-core-1.3.jar:/Users/benotechnologies/.m2/repository/info/cukes/cucumber-junit/1.2.4/cucumber-junit-1.2.4.jar:/Users/benotechnologies/.m2/repository/info/cukes/cucumber-core/1.2.4/cucumber-core-1.2.4.jar:/Users/benotechnologies/.m2/repository/info/cukes/cucumber-html/0.2.3/cucumber-html-0.2.3.jar:/Users/benotechnologies/.m2/repository/info/cukes/cucumber-jvm-deps/1.0.5/cucumber-jvm-deps-1.0.5.jar:/Users/benotechnologies/.m2/repository/info/cukes/gherkin/2.12.2/gherkin-2.12.2.jar:/Users/benotechnologies/.m2/repository/info/cukes/cucumber-java/1.2.4/cucumber-java-1.2.4.jar:/Users/benotechnologies/.m2/repository/org/mockito/mockito-all/1.10.19/mockito-all-1.10.19.jar:/Users/benotechnologies/.m2/repository/org/mockito/mockito-core/2.27.0/mockito-core-2.27.0.jar:/Users/benotechnologies/.m2/repository/net/bytebuddy/byte-buddy-agent/1.9.10/byte-buddy-agent-1.9.10.jar:/Users/benotechnologies/.m2/repository/org/objenesis/objenesis/2.6/objenesis-2.6.jar:/Users/benotechnologies/.m2/repository/io/cucumber/cucumber-jvm-deps/1.0.6/cucumber-jvm-deps-1.0.6.jar:/Users/benotechnologies/.m2/repository/org/apache/commons/commons-lang3/3.0/commons-lang3-3.0.jar:/Users/benotechnologies/.m2/repository/io/cucumber/cucumber-testng/4.3.1/cucumber-testng-4.3.1.jar:/Users/benotechnologies/.m2/repository/io/cucumber/cucumber-core/4.3.1/cucumber-core-4.3.1.jar:/Users/benotechnologies/.m2/repository/io/cucumber/cucumber-html/0.2.7/cucumber-html-0.2.7.jar:/Users/benotechnologies/.m2/repository/io/cucumber/gherkin/5.1.0/gherkin-5.1.0.jar:/Users/benotechnologies/.m2/repository/io/cucumber/tag-expressions/1.1.1/tag-expressions-1.1.1.jar:/Users/benotechnologies/.m2/repository/io/cucumber/cucumber-expressions/6.2.2/cucumber-expressions-6.2.2.jar:/Users/benotechnologies/.m2/repository/io/cucumber/datatable/1.1.12/datatable-1.1.12.jar:/Users/benotechnologies/.m2/repository/io/cucumber/datatable-dependencies/1.1.12/datatable-dependencies-1.1.12.jar:/Users/benotechnologies/.m2/repository/org/testng/testng/6.14.3/testng-6.14.3.jar:/Users/benotechnologies/.m2/repository/com/beust/jcommander/1.72/jcommander-1.72.jar:/Users/benotechnologies/.m2/repository/org/apache-extras/beanshell/bsh/2.0b6/bsh-2.0b6.jar:"/>
    <property name="sun.cpu.endian" value="little"/>
    <property name="user.home" value="/Users/benotechnologies"/>
    <property name="user.language" value="en"/>
    <property name="java.specification.vendor" value="Oracle Corporation"/>
    <property name="java.version.date" value="2020-04-14"/>
    <property name="java.home" value="/Library/Java/JavaVirtualMachines/jdk-11.0.7.jdk/Contents/Home"/>
    <property name="file.separator" value="/"/>
    <property name="basedir" value="/Users/benotechnologies/eclipse-workspace/Com.Beno.Cucumber"/>
    <property name="java.vm.compressedOopsMode" value="Zero based"/>
    <property name="line.separator" value="&#10;"/>
    <property name="java.specification.name" value="Java Platform API Specification"/>
    <property name="java.vm.specification.vendor" value="Oracle Corporation"/>
    <property name="java.awt.graphicsenv" value="sun.awt.CGraphicsEnvironment"/>
    <property name="surefire.real.class.path" value="/Users/benotechnologies/eclipse-workspace/Com.Beno.Cucumber/target/surefire/surefirebooter487038133229043969.jar"/>
    <property name="sun.management.compiler" value="HotSpot 64-Bit Tiered Compilers"/>
    <property name="ftp.nonProxyHosts" value="local|*.local|169.254/16|*.169.254/16"/>
    <property name="java.runtime.version" value="11.0.7+8-LTS"/>
    <property name="user.name" value="benotechnologies"/>
    <property name="path.separator" value=":"/>
    <property name="os.version" value="10.15.3"/>
    <property name="java.runtime.name" value="Java(TM) SE Runtime Environment"/>
    <property name="file.encoding" value="UTF-8"/>
    <property name="java.vm.name" value="Java HotSpot(TM) 64-Bit Server VM"/>
    <property name="java.vendor.version" value="18.9"/>
    <property name="localRepository" value="/Users/benotechnologies/.m2/repository"/>
    <property name="java.vendor.url.bug" value="https://bugreport.java.com/bugreport/"/>
    <property name="java.io.tmpdir" value="/var/folders/h9/mzmzl8m174q7vw8ssyf9kns80000gn/T/"/>
    <property name="java.version" value="11.0.7"/>
    <property name="user.dir" value="/Users/benotechnologies/eclipse-workspace/Com.Beno.Cucumber"/>
    <property name="os.arch" value="x86_64"/>
    <property name="java.vm.specification.name" value="Java Virtual Machine Specification"/>
    <property name="java.awt.printerjob" value="sun.lwawt.macosx.CPrinterJob"/>
    <property name="sun.os.patch.level" value="unknown"/>
    <property name="java.library.path" value="/Users/benotechnologies/Library/Java/Extensions:/Library/Java/Extensions:/Network/Library/Java/Extensions:/System/Library/Java/Extensions:/usr/lib/java:."/>
    <property name="java.vendor" value="Oracle Corporation"/>
    <property name="java.vm.info" value="mixed mode"/>
    <property name="java.vm.version" value="11.0.7+8-LTS"/>
    <property name="sun.io.unicode.encoding" value="UnicodeBig"/>
    <property name="java.class.version" value="55.0"/>
    <property name="socksNonProxyHosts" value="local|*.local|169.254/16|*.169.254/16"/>
  </properties>
</testsuite>